2025-01-28 14:19:56,740 [INFO] Recorder initialized with default parameters.
2025-01-28 14:19:56,740 [INFO] Loading Whisper model: base...
2025-01-28 14:19:57,500 [INFO] Whisper model loaded successfully.
2025-01-28 14:19:57,500 [INFO] Starting recording for 5 seconds...
2025-01-28 14:20:02,614 [INFO] Recording finished. Saving audio to file.
2025-01-28 14:20:02,730 [INFO] Audio saved to recorded_audio.wav.
2025-01-28 14:20:02,730 [INFO] Starting transcription for recorded_audio.wav...
2025-01-28 14:20:03,953 [INFO] Transcription completed for recorded_audio.wav.
2025-01-28 14:20:29,862 [INFO] Recorder initialized with default parameters.
2025-01-28 14:20:29,862 [INFO] Loading Whisper model: base...
2025-01-28 14:20:30,663 [INFO] Whisper model loaded successfully.
2025-01-28 14:20:30,663 [INFO] Starting recording for 5 seconds...
2025-01-28 14:20:35,777 [INFO] Recording finished. Saving audio to file.
2025-01-28 14:20:35,899 [INFO] Audio saved to recorded_audio.wav.
2025-01-28 14:20:35,900 [INFO] Starting transcription for recorded_audio.wav...
2025-01-28 14:20:37,153 [INFO] Transcription completed for recorded_audio.wav.
2025-01-28 14:24:45,818 [INFO] Recorder initialized with default parameters.
2025-01-28 14:24:45,819 [INFO] Loading Whisper model: base...
2025-01-28 14:24:46,608 [INFO] Whisper model loaded successfully.
2025-01-28 14:24:46,608 [INFO] Starting recording for 5 seconds...
2025-01-28 14:24:51,744 [INFO] Recording finished. Saving audio to file.
2025-01-28 14:24:51,862 [INFO] Audio saved to recorded_audio.wav.
2025-01-28 14:24:51,862 [INFO] Starting transcription for recorded_audio.wav...
2025-01-28 14:24:54,289 [INFO] Transcription completed for recorded_audio.wav.
2025-01-28 14:29:56,238 [INFO] Recorder initialized with default parameters.
2025-01-28 14:29:57,079 [INFO] Starting recording for 5 seconds...
2025-01-28 14:30:02,218 [INFO] Recording finished. Saving audio to file.
2025-01-28 14:30:02,334 [INFO] Audio saved to data/audio_20250128_142957.wav.
2025-01-28 14:30:05,933 [INFO] Starting recording for 5 seconds...
2025-01-28 14:30:11,049 [INFO] Recording finished. Saving audio to file.
2025-01-28 14:30:11,161 [INFO] Audio saved to data/audio_20250128_143005.wav.
2025-01-28 14:30:12,046 [INFO] Starting recording for 5 seconds...
2025-01-28 14:30:17,127 [INFO] Recording finished. Saving audio to file.
2025-01-28 14:30:17,235 [INFO] Audio saved to data/audio_20250128_143012.wav.
2025-01-28 14:30:24,248 [INFO] Starting recording for 5 seconds...
2025-01-28 14:33:41,978 [INFO] Recorder initialized with default parameters.
2025-01-28 14:33:41,979 [INFO] Loading Whisper model: base...
2025-01-28 14:33:42,789 [INFO] Whisper model loaded successfully.
2025-01-28 14:33:42,789 [INFO] Starting recording for 11 seconds...
2025-01-28 14:33:53,869 [INFO] Recording finished. Saving audio to file.
2025-01-28 14:33:53,985 [INFO] Audio saved to data/audio_20250128_143342.wav.
2025-01-28 14:33:53,986 [INFO] Starting transcription for data/audio_20250128_143342.wav...
2025-01-28 14:33:55,753 [INFO] Transcription result:  Hello. Hi. Hello. Hello.
2025-01-28 14:33:55,753 [INFO] Starting recording for 11 seconds...
